This is pdfTeX, Version 3.141592653-2.6-1.40.24 (MiKTeX 22.1) (preloaded format=pdflatex 2026.1.1)  25 JAN 2026 21:16
entering extended mode
 restricted \write18 enabled.
 %&-line parsing enabled.
**main_johbn
(/Library/Application Support/MiKTeX/texmfs/install/tex/latex/tools/x.tex
LaTeX2e <2025-11-01>
L3 programming layer <2025-12-24>

! .
l.38   \batchmode \errmessage{}
                               \csname @@end\endcsname \end
This error message was generated by an \errmessage
command, so I can't give any explicit help.
Pretend that you're Hercule Poirot: Examine all clues,
and deduce the truth by order and method.

 ) 
Here is how much of TeX's memory you used:
 17 strings out of 467875
 484 string characters out of 5415543
 433730 words of memory out of 5000000
 28993 multiletter control sequences out of 15000+600000
 627721 words of font info for 40 fonts, out of 8000000 for 9000
 1141 hyphenation exceptions out of 8191
 12i,0n,13p,90b,8s stack positions out of 10000i,1000n,20000p,200000b,200000s

No pages of output.
PDF statistics:
 0 PDF objects out of 1000 (max. 8388607)
 0 named destinations out of 1000 (max. 500000)
 1 words of extra memory for PDF output out of 10000 (max. 10000000)

